<?xml version="1.0" encoding="UTF-8"?>
<!-- Generated by org.testng.reporters.JUnitReportReporter -->
<testsuite hostname="LAPTOP-HLBOP5JU" failures="0" tests="1" name="tests.CrearUsuario_Steps" time="0.088" errors="0" timestamp="2022-07-13T21:40:45 CDT" skipped="0">
  <testcase classname="tests.CrearUsuario_Steps" name="signUpUser" time="0.088"/>
  <system-out/>
</testsuite> <!-- tests.CrearUsuario_Steps -->
